2021-01-07 16:47:24.768 [main] DEBUG io.github.bonigarcia.wdm.Preferences - Preference chrome=87 (valid until 2021-01-08 15:57:55)
2021-01-07 16:47:24.773 [main] DEBUG io.github.bonigarcia.wdm.Preferences - Preference chrome87=87.0.4280.88 (valid until 2021-01-08 15:57:55)
2021-01-07 16:47:24.774 [main] INFO  io.github.bonigarcia.wdm.WebDriverManager - Using chromedriver 87.0.4280.88 (since Google Chrome 87 is installed in your machine)
2021-01-07 16:47:24.784 [main] DEBUG io.github.bonigarcia.wdm.WebDriverManager - Driver chromedriver 87.0.4280.88 found in cache
2021-01-07 16:47:24.786 [main] INFO  io.github.bonigarcia.wdm.WebDriverManager - Exporting webdriver.chrome.driver as C:\Users\Alexei\.m2\repository\webdriver\chromedriver\win32\87.0.4280.88\chromedriver.exe
2021-01-07 16:47:31.416 [main] INFO  Pages.BasePage - Clicking element with xpath: //a[text()='Contact us']
2021-01-07 16:47:31.938 [main] INFO  Pages.BasePage - Check element with xpath exists: //h1[text()='Contact us']
2021-01-07 16:47:32.426 [main] INFO  Pages.BasePage - Clicking element with xpath: //a[text()='Français']
2021-01-07 16:47:33.090 [main] INFO  Pages.BasePage - Check element with xpath exists: //*[@class='section-header text-center']
2021-01-07 16:47:33.598 [main] INFO  Pages.BasePage - Clicking element with xpath: //a[@aria-controls='SiteNavLabel-resources']
2021-01-07 16:47:33.652 [main] INFO  Pages.BasePage - Clicking element with xpath: //a[@aria-controls='SiteNavLabel-resources']
2021-01-07 16:47:36.253 [main] INFO  Pages.BasePage - Check element with xpath exists: //h1[text() = 'Fun and Educational Videos for Kids']
2021-01-07 16:47:36.775 [main] INFO  Pages.BasePage - Clicking element with xpath: //a[@aria-controls='SiteNavLabel-books-by-language']
2021-01-07 16:47:36.857 [main] INFO  Pages.BasePage - Clicking element with xpath: //a[text() = 'English Only']
2021-01-07 16:47:37.460 [main] INFO  Pages.BasePage - Check element with xpath exists: //h1[text() = 'English Only']
2021-01-07 16:47:37.933 [main] INFO  Pages.BasePage - Clicking element with xpath: //a[text()='Español']
2021-01-07 16:47:38.549 [main] INFO  Pages.BasePage - Check element with xpath exists: //img[@alt = 'Spanish-languages-learning-bilingual-coloring-book-cover']
2021-01-07 16:47:39.015 [main] INFO  Pages.BasePage - Clicking element with xpath: //a[text()='FAQs']
2021-01-07 16:47:39.476 [main] INFO  Pages.BasePage - Check element with xpath exists: //*[@class='section-header text-center']
2021-01-07 16:47:39.963 [main] INFO  Pages.BasePage - Clicking element with xpath: //a[@aria-controls='SiteNavLabel-books-by-language']
2021-01-07 16:47:40.030 [main] INFO  Pages.BasePage - Clicking element with xpath: //a[@aria-controls='SiteNavLabel-books-by-language']
2021-01-07 16:47:40.494 [main] INFO  Pages.BasePage - Check element with xpath exists: //h1[text() = 'Find your language']
2021-01-07 16:47:41.527 [main] INFO  Pages.BasePage - Clicking element with xpath: //a[text()='中文']
2021-01-07 16:47:42.146 [main] INFO  Pages.BasePage - Check element with xpath exists: //h1[text() = 'Mandarin Chinese - 中文']
2021-01-07 16:47:42.611 [main] INFO  Pages.BasePage - Clicking element with xpath: //a[@aria-controls='SiteNavLabel-all-languages']
2021-01-07 16:47:42.666 [main] INFO  Pages.BasePage - Clicking element with xpath: //*[@aria-controls='SiteNavLabel-all-languages']//following-sibling::div//*[text() = 'Bulgarian-Български']
2021-01-07 16:47:43.287 [main] INFO  Pages.BasePage - Check element with xpath exists: //h1[text() = 'Bulgarian-Български']
2021-01-07 16:47:43.795 [main] INFO  Pages.BasePage - Clicking element with xpath: //*[@class='currency-converter-currency-button cbb-desktop-view skiptranslate notranslate']
2021-01-07 16:47:43.859 [main] INFO  Pages.BasePage - Check element with xpath exists: //*[@class='currency-converter-chooser-item cbb-currency-code-USD']
2021-01-07 16:47:44.328 [main] INFO  Pages.BasePage - Clicking element with xpath: //a[@aria-controls='SiteNavLabel-all-languages']
2021-01-07 16:47:44.401 [main] INFO  Pages.BasePage - Clicking element with xpath: //*[@aria-controls='SiteNavLabel-all-languages']//following-sibling::div//*[text() = 'Hebrew - עִבְרִית']
2021-01-07 16:47:44.928 [main] INFO  Pages.BasePage - Check element with xpath exists: //h1[text() = 'Hebrew - עִבְרִית']
2021-01-07 16:47:45.434 [main] INFO  Pages.BasePage - Clicking element with xpath: //a[@aria-controls='SiteNavLabel-books-by-language']
2021-01-07 16:47:45.488 [main] INFO  Pages.BasePage - Clicking element with xpath: //a[text() = 'Russian - Русский']
2021-01-07 16:47:46.108 [main] INFO  Pages.BasePage - Check element with xpath exists: //h1[text() = 'Russian - Русский']
2021-01-07 16:47:46.614 [main] INFO  Pages.BasePage - Clicking element with xpath: //a[@aria-controls='SiteNavLabel-ebooks-by-language']
2021-01-07 16:47:46.671 [main] INFO  Pages.BasePage - Clicking element with xpath: //*[@aria-controls='SiteNavLabel-ebooks-by-language']//following-sibling::div//*[text() = 'Russian - Русский']
2021-01-07 16:47:47.285 [main] INFO  Pages.BasePage - Check element with xpath exists: //h1[text() = 'eBooks in Russian - Русский']
2021-01-07 16:47:47.802 [main] INFO  Pages.BasePage - Clicking element with xpath: //a[@aria-controls='SiteNavLabel-ebooks-by-language']
2021-01-07 16:47:47.855 [main] INFO  Pages.BasePage - Clicking element with xpath: //a[@aria-controls='SiteNavLabel-ebooks-by-language']
2021-01-07 16:47:48.543 [main] INFO  Pages.BasePage - Check element with xpath exists: //h1[text() = 'ebooks']
2021-01-07 16:47:49.029 [main] INFO  Pages.BasePage - Clicking element with xpath: //a[@aria-controls='SiteNavLabel-all-languages']
2021-01-07 16:47:49.084 [main] INFO  Pages.BasePage - Clicking element with xpath: //a[@aria-controls='SiteNavLabel-all-languages']
2021-01-07 16:47:49.495 [main] INFO  Pages.BasePage - Check element with xpath exists: //h1[text() = 'Find your language']
2021-01-07 16:47:50.015 [main] INFO  Pages.BasePage - Clicking element with xpath: //*[@class='currency-converter-currency-button cbb-desktop-view skiptranslate notranslate']
2021-01-07 16:47:50.077 [main] INFO  Pages.BasePage - Check element with xpath exists: //*[@class='currency-converter-chooser-item cbb-currency-code-EUR']
2021-01-07 16:47:50.538 [main] INFO  Pages.BasePage - Check element with xpath exists: //img[@itemprop='logo']
2021-01-07 16:47:51.938 [main] INFO  Pages.BasePage - Clicking element with xpath: //*[@class='currency-converter-currency-button cbb-desktop-view skiptranslate notranslate']
2021-01-07 16:47:51.999 [main] INFO  Pages.BasePage - Check element with xpath exists: //*[@class='currency-converter-chooser-item cbb-currency-code-INR']
2021-01-07 16:47:52.464 [main] INFO  Pages.BasePage - Clicking element with xpath: //a[@aria-controls='SiteNavLabel-resources']
2021-01-07 16:47:52.536 [main] INFO  Pages.BasePage - Clicking element with xpath: //a[text()='Blog' and @class = 'site-nav__link site-nav__link--main']
2021-01-07 16:47:53.319 [main] INFO  Pages.BasePage - Check element with xpath exists: //h1[text()='Blog']
2021-01-07 16:47:53.806 [main] INFO  Pages.BasePage - Clicking element with xpath: //*[@class='currency-converter-currency-button cbb-desktop-view skiptranslate notranslate']
2021-01-07 16:47:53.861 [main] INFO  Pages.BasePage - Check element with xpath exists: //*[@class='currency-converter-chooser-item cbb-currency-code-GBP']
2021-01-07 16:47:54.327 [main] INFO  Pages.BasePage - Clicking element with xpath: //a[@aria-controls='SiteNavLabel-resources']
2021-01-07 16:47:54.388 [main] INFO  Pages.BasePage - Clicking element with xpath: //*[text()='Videos']
2021-01-07 16:47:57.137 [main] INFO  Pages.BasePage - Check element with xpath exists: //h1[text() = 'Fun and Educational Videos for Kids']
2021-01-07 16:47:57.694 [main] INFO  Pages.BasePage - Clicking element with xpath: //a[text()='Blog' and @class = 'site-nav__link site-nav__link--main']
2021-01-07 16:47:58.159 [main] INFO  Pages.BasePage - Check element with xpath exists: //h1[text()='Blog']
2021-01-07 16:47:58.639 [main] INFO  Pages.BasePage - Clicking element with xpath: //a[text() = 'Home']
2021-01-07 16:47:59.121 [main] INFO  Pages.BasePage - Check element with xpath exists: //*[@class='hero__inner']
